TN:
SF:index.js
FN:1,sum
FNDA:3,sum
FNF:1
FNH:1
BRDA:1,0,0,1
BRDA:1,1,0,3
BRF:2
BRH:2
DA:1,1
DA:2,3
DA:3,3
LH:3
LF:3
end_of_record
SF:index.test.js
FN:5,anonymous_0
FN:6,anonymous_1
FN:9,anonymous_2
FN:12,anonymous_3
FNDA:1,anonymous_0
FNDA:1,anonymous_1
FNDA:1,anonymous_2
FNDA:1,anonymous_3
FNF:4
FNH:4
BRDA:1,0,0,1
BRDA:5,1,0,1
BRDA:6,2,0,1
BRDA:9,3,0,1
BRDA:12,4,0,1
BRF:5
BRH:5
DA:1,1
DA:2,1
DA:3,1
DA:4,1
DA:5,1
DA:6,1
DA:7,1
DA:8,1
DA:9,1
DA:10,1
DA:11,1
DA:12,1
DA:13,1
DA:14,1
DA:15,1
LH:15
LF:15
end_of_record
